TN:
SF:count.js
FN:5,(anonymous_0)
FN:11,(anonymous_1)
FNF:2
FNH:2
FNDA:1,(anonymous_0)
FNDA:5,(anonymous_1)
DA:1,1
DA:5,1
DA:6,1
DA:7,1
DA:11,1
DA:12,5
DA:13,5
DA:19,1
DA:20,1
LF:9
LH:9
BRF:0
BRH:0
end_of_record
TN:
SF:filter.js
FN:6,(anonymous_0)
FN:16,(anonymous_1)
FN:17,(anonymous_2)
FN:18,(anonymous_3)
FNF:4
FNH:4
FNDA:35,(anonymous_0)
FNDA:1,(anonymous_1)
FNDA:5,(anonymous_2)
FNDA:35,(anonymous_3)
DA:1,1
DA:6,1
DA:7,35
DA:8,35
DA:16,1
DA:17,1
DA:18,5
DA:19,35
DA:21,5
DA:22,3
DA:32,5
LF:11
LH:11
BRDA:21,0,0,3
BRDA:21,0,1,2
BRF:2
BRH:2
end_of_record
